2020/05/25 16:00:01 Servicio iniciado
2020/05/25 16:01:02 Servicio iniciado
2020/05/25 16:02:07 ERROR: &{%!g(uint16=1062) %!g(string=Duplicate entry '3-4' for key 'PRIMARY')}
2020/05/25 16:02:25 Intentando iniciar sesión...
2020/05/25 16:03:08 Intentando iniciar sesión...
2020/05/25 16:03:21 Intentando iniciar sesión...
2020/05/25 16:03:36 Intentando iniciar sesión...
2020/05/25 16:06:05 Servicio iniciado
2020/05/25 16:08:38 Intentando iniciar sesión...
2020/05/25 16:08:41 ERROR: &{%!g(uint16=1062) %!g(string=Duplicate entry '3-8' for key 'PRIMARY')}
2020/05/25 16:08:41 ERROR: &{%!g(uint16=1062) %!g(string=Duplicate entry '2-8' for key 'PRIMARY')}
2020/05/25 16:08:41 ERROR: &{%!g(uint16=1062) %!g(string=Duplicate entry '1-8' for key 'PRIMARY')}
2020/05/25 16:09:28 Servicio iniciado
2020/05/25 16:11:04 Servicio iniciado
2020/05/25 16:11:39 Servicio iniciado
2020/05/25 16:11:49 Servicio iniciado
2020/05/25 16:39:44 Intentando iniciar sesión...
2020/05/25 16:40:43 Intentando iniciar sesión...
2020/05/25 16:54:15 Servicio iniciado
2020/05/25 16:55:22 Servicio iniciado
2020/05/25 17:20:15 Servicio iniciado
2020/05/25 17:20:32 Intentando iniciar sesión...
2020/05/25 17:22:09 Servicio iniciado
2020/05/25 17:22:43 Servicio iniciado
2020/05/25 17:22:58 Servicio iniciado
2020/05/25 17:23:28 Servicio iniciado
2020/05/25 17:24:51 Servicio iniciado
2020/05/25 17:25:00 Servicio iniciado
2020/05/25 17:25:13 Servicio iniciado
2020/05/25 17:38:51 Servicio iniciado
2020/05/25 17:40:55 Intentando iniciar sesión...
2020/05/25 17:41:09 Intentando iniciar sesión...
2020/05/25 21:25:50 Servicio iniciado
2020/05/25 21:26:07 Intentando iniciar sesión...
2020/05/25 21:28:59 Intentando iniciar sesión...
2020/05/26 11:06:37 Servicio iniciado
2020/05/26 11:06:51 Intentando iniciar sesión...
2020/05/26 11:07:07 Intentando iniciar sesión...
2020/05/26 11:09:16 Intentando iniciar sesión...
2020/05/26 11:29:36 Servicio iniciado
2020/05/26 11:31:29 Servicio iniciado
2020/05/26 11:32:49 Intentando iniciar sesión...
2020/05/26 12:00:55 Servicio iniciado
2020/05/26 12:03:12 Servicio iniciado
2020/05/26 12:03:46 Insertando usuario ZRrDc5M20WZNY-I3HVGWb1WOL2Bv3s5AE4AuQO4Jbg==
2020/05/26 12:04:22 Insertando usuario Ts4XthlMWuNMDYMK8lJQFRETEdQOc502Akm1pHM=
2020/05/26 12:05:01 Insertando usuario bQ-p_O1BRQT0DeNEYr956Krayud6eKPNmPyhmNs=
2020/05/26 12:05:49 Insertando usuario W1vhSz8WH5BAir5w8Du31D32JC8HsTRJfjD4ObE=
2020/05/26 12:05:57 Intentando iniciar sesión...
2020/05/26 12:06:24 Insertando usuario 4muAk5vkQllL5STqG0BX2z-plaK4I-c1WgbS3WTjPsBp_Oq1HtKcHOsck3o=
2020/05/26 12:06:55 Intentando iniciar sesión...
2020/05/26 12:08:19 Intentando iniciar sesión...
2020/05/26 12:10:02 Intentando iniciar sesión...
2020/05/26 12:10:16 Intentando iniciar sesión...
2020/05/26 12:17:47 Intentando iniciar sesión...
2020/05/26 12:23:44 Intentando iniciar sesión...
2020/05/26 12:25:21 Insertando usuario iZhbZOSKDzOCsc5J8YkBrUjELLbQP31CQNUkyz0=
2020/05/26 12:25:28 Intentando iniciar sesión...
2020/05/26 12:30:37 Intentando iniciar sesión...
2020/05/26 12:30:42 Intentando iniciar sesión...
2020/05/26 12:41:49 Servicio iniciado
2020/05/26 12:45:20 Servicio iniciado
2020/05/26 12:49:06 Servicio iniciado
2020/05/26 12:49:10 ERROR: &{%!g(uint16=1054) %!g(string=Unknown column 'tag_id' in 'field list')}
2020/05/26 12:49:31 ERROR: &{%!g(uint16=1054) %!g(string=Unknown column 'tag_id' in 'field list')}
2020/05/26 12:50:28 Servicio iniciado
2020/05/26 12:50:30 ERROR: &{%!g(uint16=1054) %!g(string=Unknown column '2611ba67' in 'where clause')}
2020/05/26 12:50:36 ERROR: &{%!g(uint16=1054) %!g(string=Unknown column '2611ba67' in 'where clause')}
2020/05/26 12:51:00 Servicio iniciado
2020/05/26 12:51:02 ERROR: &{%!g(uint16=1054) %!g(string=Unknown column '2611ba67' in 'where clause')}
2020/05/26 12:51:25 Servicio iniciado
2020/05/26 12:51:44 Servicio iniciado
2020/05/26 13:23:15 Intentando iniciar sesión...
2020/05/26 13:37:21 Intentando iniciar sesión...
2020/05/26 13:39:05 Intentando iniciar sesión...
2020/05/26 13:39:12 Intentando iniciar sesión...
2020/05/26 13:41:34 Intentando iniciar sesión...
2020/05/26 13:41:54 Intentando iniciar sesión...
2020/05/26 13:44:08 Intentando iniciar sesión...
2020/05/26 13:44:28 Intentando iniciar sesión...
2020/05/26 13:44:38 Intentando iniciar sesión...
2020/05/26 13:45:57 Intentando iniciar sesión...
2020/05/30 19:34:19 Servicio iniciado
2020/05/30 19:36:49 Insertando usuario 6USu1TYhBqbNnRO6qPMSOzs1uJ-bozCAKu8gfTdF2OH95jkc79-whVlFcEk=
2020/05/30 19:42:21 Intentando iniciar sesión...
2020/05/30 19:43:04 Insertando usuario XYBksKe-i9y8DMDJouSZg5MpYNLh9Qjq9J_B_N-7YLXAWdwHZA==
2020/05/30 19:43:16 Intentando iniciar sesión...
2020/05/30 19:50:38 Insertando usuario VM_CxpEJiCKtogTQNu_qzOB-Q0hi3f9_qqm25eRq4JnsiINkvg==
2020/05/30 19:54:29 Intentando iniciar sesión...
2020/05/30 19:54:47 Insertando usuario vUzNpmQTRwUCM9XB3UM5PcwrEm4LwdLmn7M-9w==
2020/05/30 19:54:47 ERROR: &{%!g(uint16=1062) %!g(string=Duplicate entry '1a5376ad727d65213a79f3108541cf95012969a0d3064f108b5dd6e7f8c19b89' for key 'dni_hash')}
2020/05/30 19:54:53 Insertando usuario vpQN-ZmFY38S_Wh1sENSVJeRWTIGuM6UQ3WhQQ==
2020/05/30 19:55:06 Intentando iniciar sesión...
2020/05/30 19:58:21 Intentando iniciar sesión...
2020/05/30 19:59:22 Intentando iniciar sesión...
2020/05/30 19:59:28 Intentando iniciar sesión...
2020/06/14 17:55:31 Servicio iniciado
2020/06/14 17:56:04 Intentando iniciar sesión...
2020/06/14 17:56:11 Intentando iniciar sesión...
2020/06/14 17:56:16 Intentando iniciar sesión...
2020/06/14 17:56:16 No hay contraseña
2020/06/14 17:56:20 Intentando iniciar sesión...
2020/06/14 17:56:29 Intentando iniciar sesión...
2020/06/14 17:56:29 No hay contraseña
2020/06/14 17:56:33 Intentando iniciar sesión...
2020/06/14 17:56:33 No hay contraseña
2020/06/14 17:56:38 Intentando iniciar sesión...
2020/06/14 17:56:59 Insertando usuario YMfNRNZdc2809HCfJiYpugztDfqFn3Uit76fhVSqmrGunt3KMg==
2020/06/14 17:57:06 Intentando iniciar sesión...
2020/06/14 17:57:17 Intentando iniciar sesión...
2020/06/14 17:57:37 Intentando iniciar sesión...
2020/06/14 17:58:28 Intentando iniciar sesión...
2020/06/14 19:11:11 Intentando iniciar sesión...
2020/06/15 12:18:16 Servicio iniciado
2020/06/15 12:19:02 Intentando iniciar sesión...
2020/06/15 20:18:50 Servicio iniciado
2020/06/15 20:19:31 Intentando iniciar sesión...
2020/06/16 11:57:45 Servicio iniciado
2020/06/16 12:00:57 Intentando iniciar sesión...
2020/06/16 13:19:07 Servicio iniciado
2020/06/16 13:25:55 Intentando iniciar sesión...
2020/06/17 12:07:35 Servicio iniciado
2020/06/17 12:18:59 Insertando usuario oElE3lIbOMG92UqklkV66ifYYhMklVSf9JwQHLMrsv9oHEPWtg==
2020/06/17 12:19:08 Intentando iniciar sesión...
2020/06/17 12:19:08 No hay contraseña
2020/06/17 12:19:11 Intentando iniciar sesión...
2020/06/17 12:19:11 No hay contraseña
2020/06/17 12:19:13 Intentando iniciar sesión...
2020/06/17 12:19:13 No hay contraseña
2020/06/17 12:19:17 Intentando iniciar sesión...
2020/06/17 12:19:35 Insertando usuario -vGnRe4XCw_VjkT8JD9-Tpmre1am3qS2-nZb3lIoUghJcBIsvSwatgs92TM=
2020/06/17 12:19:42 Intentando iniciar sesión...
2020/06/17 12:36:19 Servicio iniciado
2020/06/17 12:38:04 Insertando usuario VCoLWuj2zCaAX02z9qIXFXfBis1qjGIghTkOcGW_9dU=
2020/06/17 12:42:44 Insertando usuario 1Atji9-zF3ct_odWL0r9Qg-BLgcjxTMRYcvXBrk=
2020/06/17 12:44:46 Insertando usuario C4uvU4lbhFa9csE1H2OYg-TZ0A27cZZcAaEJYyI=
2020/06/17 12:45:12 Borrando Usuario con ID 2
2020/06/17 12:45:12 El usuario con ID 2 ha sido borrado correctamente
2020/06/17 12:45:14 Borrando Usuario con ID 3
2020/06/17 12:45:14 El usuario con ID 3 ha sido borrado correctamente
2020/06/17 12:46:46 Insertando usuario 8HOGFkPPzV87gregsSA_PNeWCALn7CsZqzs_aR0=
2020/06/17 12:50:48 Insertando usuario 2YWEffKk5nTBSFDn7dSGr2GkVAFMZ3b-QJr-7K4=
2020/06/17 12:52:58 Insertando usuario tny8PplSed6Qjv6Y4akJolvClb30wY48SciYwT0=
2020/06/17 12:53:59 Insertando usuario S55hX8kH_xhQPNd_Q_tiC1BToZ-Ao1yVMvOfyBk=
2020/06/17 12:59:50 Insertando usuario b-xjyXDgNZXCy3WLpbTDaQjqs6MpBR9aF6HyECc=
2020/06/17 13:00:28 Insertando usuario X7-8iDSUOei90Fn0pbsYmkZJ9nb9nCVddUXlnXE=
2020/06/17 13:05:01 Insertando usuario HeC88HG-JCLOvlpX4OnCa_QI1n0ufFJyOvhvY_o=
2020/06/17 13:06:36 Insertando usuario 2HtbufhBzwf1R7XmLUByOFZdY8w_DAZeAFHh2nM=
2020/06/17 13:12:30 Insertando usuario HVzlhwcB8dquL-xVPDVyKPyL9ubr7T25Y3898lI=
2020/06/17 13:13:41 Insertando usuario haaVDSR5ASItHTvhk_Woze_wCfhm3rLWwXEOlBo=
2020/06/17 13:29:00 Insertando usuario JaLWC0Ys8STpFUnLnPlHdUah4xrwgfGFpHbQd-w=
2020/06/17 13:30:06 Insertando usuario eO2GR41emKGxmnT23wqcAmruxFaSJAWjS4xtBZw=
2020/06/17 13:31:02 Insertando usuario aXUkhy-EWLM_IGDz2TLML9Lq5yKsKTPmgS_JwM4=
2020/06/17 13:37:39 Insertando usuario M0jVRk6r5naVzlGX2yIKRR5o4KuUtQh8rPfCvf0=
2020/06/17 13:38:51 Insertando usuario tMGdsN9tUFHYk6MlUm2VQmXu2qRIqlKazQHT7PY=
2020/06/17 13:39:58 Insertando usuario SWHYOMqDJAHqd2GbkcJA_aTvz1vt_ogWOog3f3Y=
2020/06/17 13:41:13 Insertando usuario XVIDjzzx-dL_dsGIgXU6eIAvKqosbBYFfRveRWQ=
2020/06/17 13:43:08 Insertando usuario To6Idqm1u8mBIAPHZIWljlNYF-RSbIDp71i8DTA=
2020/06/17 13:44:05 Insertando usuario aUma2C0-UBhNktTxn5UO5Wz-WJzm0cwSYQr8jII=
2020/06/17 13:45:16 Insertando usuario 80ELFDqOITck5l-PmVxo12qEdIj3y0f4_NjA0vo=
2020/06/17 13:45:51 Intentando iniciar sesión...
2020/06/18 00:18:27 Servicio iniciado
2020/06/18 00:30:03 Insertando usuario 6aH0hhplr2uz0C4LMtLXupA7J-pR2j5h-YiCKic=
2020/06/18 00:32:21 Insertando usuario NxemphgJZsCKc_7M882eU4kfu68nHluMSWoy1QY=
2020/06/18 00:36:28 Insertando usuario RtHyfDxs0HSoEac0Koqq5yi05H5ayMAhEHTCAZ43
2020/06/18 00:40:06 Insertando usuario t8B3fjsP0k3yjGZchT7P9iWvsGaEXsg3tA2UvqE=
2020/06/18 00:41:03 Insertando usuario 2jJ8Exfh8RZvR3m_FMURre28HrJC5eStKJE9wl0=
2020/06/18 00:41:41 Intentando iniciar sesión...
2020/06/18 00:42:27 Intentando iniciar sesión...
2020/06/18 01:18:42 Servicio iniciado
2020/06/18 01:19:27 Servicio iniciado
2020/06/18 01:19:47 Servicio iniciado
2020/06/18 02:01:51 Intentando iniciar sesión...
2020/06/18 02:06:37 Servicio iniciado
2020/06/18 02:13:20 Servicio iniciado
2020/06/18 02:14:50 Servicio iniciado
2020/06/18 02:15:49 Servicio iniciado
2020/06/18 02:18:42 Intentando iniciar sesión...
2020/06/18 02:19:17 Intentando iniciar sesión...
2020/06/18 02:19:34 Servicio iniciado
2020/06/18 02:23:33 Intentando iniciar sesión...
2020/06/18 02:24:57 Intentando iniciar sesión...
2020/06/18 02:25:21 Intentando iniciar sesión...
2020/06/18 02:27:08 Intentando iniciar sesión...
2020/06/18 02:30:40 Intentando iniciar sesión...
2020/06/18 02:30:46 Intentando iniciar sesión...
2020/06/18 02:31:31 Servicio iniciado
2020/06/18 02:32:57 Intentando iniciar sesión...
2020/06/18 02:33:18 Intentando iniciar sesión...
2020/06/18 02:33:45 Servicio iniciado
2020/06/18 02:35:54 Intentando iniciar sesión...
2020/06/18 02:35:59 Intentando iniciar sesión...
2020/06/18 02:50:55 Servicio iniciado
2020/06/18 02:59:02 Servicio iniciado
2020/06/18 02:59:48 Servicio iniciado
2020/06/18 03:01:00 Servicio iniciado
2020/06/18 03:02:01 Servicio iniciado
2020/06/18 03:02:28 Servicio iniciado
2020/06/18 03:09:24 Servicio iniciado
2020/06/18 03:11:04 Servicio iniciado
2020/06/18 03:12:03 Servicio iniciado
2020/11/28 14:44:37 Servicio iniciado
2020/11/28 14:44:37 ERROR: &{%!g(uint16=1045) %!g(string=Access denied for user 'golang'@'localhost' (using password: YES))}
2020/11/28 14:48:44 Servicio iniciado
2020/11/28 14:48:44 ERROR: &{%!g(uint16=1045) %!g(string=Access denied for user 'golang'@'localhost' (using password: YES))}
2020/11/28 14:49:11 Servicio iniciado
2020/11/28 14:50:38 Insertando usuario ZSGN5w1H1iv7mfwE_XlFuYNn4gqJDXKzlPXumhQqB_k=
2020/11/28 14:50:50 Borrando Usuario con ID 1
2020/11/28 14:50:50 El usuario con ID 1 ha sido borrado correctamente
2020/11/28 14:50:50 ERROR: %!g(<nil>)
2020/11/28 14:51:28 Insertando usuario _wPupqorrZIkuaRWa6o12xIpF1TmRs_itXrdhDBU_Q==
2020/11/28 14:52:04 Intentando iniciar sesión...
2020/11/28 14:53:20 Servicio iniciado
2020/11/28 16:04:31 Servicio iniciado
2020/11/28 16:05:48 Servicio iniciado
2020/11/28 18:52:21 Servicio iniciado
2020/11/28 20:12:23 Servicio iniciado
2020/11/28 20:12:55 Servicio iniciado
2020/11/28 20:12:56 Crear certificado de la entidad OK
2020/11/28 20:13:37 Servicio iniciado
2020/11/28 20:13:39 Crear certificado de la entidad OK
2020/11/28 20:14:06 Servicio iniciado
2020/11/28 20:14:07 Crear certificado de la entidad OK
2020/11/28 20:15:25 Crear certificado de la entidad OK
2020/11/28 23:21:13 Crear certificado de la AC OK
2020/12/03 15:38:29 ERROR: &{%!g(uint16=1045) %!g(string=Access denied for user 'golang'@'localhost' (using password: NO))}
2020/12/03 15:38:52 Crear certificado de la AC OK
2020/12/03 15:40:43 Crear certificado de la AC OK
2020/12/03 15:57:28 Crear certificado de la AC OK
2020/12/03 17:27:56 Registrando entidad...
2020/12/03 17:30:54 Registrando entidad...
2020/12/03 17:31:20 Registrando entidad...
2020/12/03 17:54:53 Registrando entidad...
2020/12/03 17:54:53 ERROR: &{%!g(uint16=1146) %!g(string=Table 'tfm-golang-ac.usuarios_pairkeys' doesn't exist)}
2020/12/03 17:55:13 Registrando entidad...
2020/12/03 17:55:56 Registrando entidad...
2020/12/03 17:55:56 ERROR: &{%!g(uint16=1062) %!g(string=Duplicate entry '0' for key 'PRIMARY')}
2020/12/03 17:57:27 Registrando entidad...
2020/12/03 17:57:27 ERROR: &{%!g(uint16=1062) %!g(string=Duplicate entry '0' for key 'PRIMARY')}
2020/12/03 17:57:30 Registrando entidad...
2020/12/03 17:57:30 ERROR: &{%!g(uint16=1062) %!g(string=Duplicate entry '0' for key 'PRIMARY')}
2020/12/03 17:57:31 Registrando entidad...
2020/12/03 17:57:31 ERROR: &{%!g(uint16=1062) %!g(string=Duplicate entry '0' for key 'PRIMARY')}
2020/12/03 18:02:17 Registrando entidad...
2020/12/03 18:02:27 Registrando entidad...
2020/12/03 18:02:27 ERROR: &{%!g(uint16=1062) %!g(string=Duplicate entry 'https://localhost:5001' for key 'server_ip')}
2020/12/03 18:09:23 Registrando entidad...
2020/12/03 18:09:23 ERROR: &{%!g(uint16=1062) %!g(string=Duplicate entry 'https://localhost:5001' for key 'server_ip')}
2020/12/03 18:10:59 Registrando entidad...
2020/12/03 18:10:59 ERROR: &{%!g(uint16=1062) %!g(string=Duplicate entry 'https://localhost:5001' for key 'server_ip')}
2020/12/03 18:11:35 Registrando entidad...
2020/12/03 18:11:36 ERROR: &{%!g(uint16=1062) %!g(string=Duplicate entry 'https://localhost:5001' for key 'server_ip')}
2020/12/03 18:12:22 Registrando entidad...
2020/12/03 18:12:22 ERROR: &{%!g(uint16=1062) %!g(string=Duplicate entry 'https://localhost:5001' for key 'server_ip')}
2020/12/03 18:33:25 Registrando entidad...
2021/02/11 00:13:29 ERROR: &{%!g(string=dial) %!g(string=tcp) <nil> %!g(*net.TCPAddr=&{[0 0 0 0 0 0 0 0 0 0 255 255 127 0 0 1] 3306 }) %!g(*os.SyscallError=&{connectex 10061})}
2021/02/14 16:35:28 ERROR: &{%!g(string=dial) %!g(string=tcp) <nil> %!g(*net.TCPAddr=&{[0 0 0 0 0 0 0 0 0 0 255 255 127 0 0 1] 3306 }) %!g(*os.SyscallError=&{connectex 10061})}
2021/02/14 18:17:41 Registrando entidad...
2021/02/14 18:18:27 Crear certificado de la AC OK
2021/02/15 01:15:00 Crear certificado de la entidad OK
2021/02/15 01:16:58 Registrando entidad...
2021/02/15 01:16:58 ERROR: &{%!g(uint16=1062) %!g(string=Duplicate entry 'https://localhost:5001' for key 'server_ip')}
2021/02/15 01:27:53 Registrando entidad...
2021/02/16 23:30:31 Registrando entidad...
