2021/03/23 00:34:38 Servicio iniciado
2021/03/23 00:55:55 ERROR: &{%!g(string=crypto/rsa: decryption error)}
2021/03/23 00:57:41 ERROR: &{%!g(string=crypto/rsa: decryption error)}
2021/03/23 00:57:45 ERROR: &{%!g(string=crypto/rsa: decryption error)}
2021/03/23 00:59:02 Servicio iniciado
2021/03/23 00:59:04 ERROR: &{%!g(string=crypto/rsa: decryption error)}
2021/03/23 00:59:10 ERROR: &{%!g(string=crypto/rsa: decryption error)}
2021/03/23 01:05:26 Servicio iniciado
2021/03/23 01:06:05 ERROR: &{%!g(string=crypto/rsa: decryption error)}
2021/03/23 01:07:08 Servicio iniciado
2021/03/23 01:07:09 ERROR: &{%!g(string=crypto/rsa: decryption error)}
2021/03/23 01:07:11 ERROR: &{%!g(string=crypto/rsa: decryption error)}
2021/03/23 01:07:28 ERROR: &{%!g(string=crypto/rsa: decryption error)}
2021/03/23 01:07:29 ERROR: &{%!g(string=crypto/rsa: decryption error)}
2021/04/05 23:55:43 Servicio iniciado
2021/04/05 23:58:50 ERROR: &{%!g(string=crypto/rsa: decryption error)}
2021/04/05 23:58:54 ERROR: &{%!g(string=crypto/rsa: decryption error)}
2021/04/05 23:58:55 ERROR: &{%!g(string=crypto/rsa: decryption error)}
2021/04/05 23:58:56 ERROR: &{%!g(string=crypto/rsa: decryption error)}
2021/04/05 23:58:59 ERROR: &{%!g(string=crypto/rsa: decryption error)}
2021/04/05 23:59:06 ERROR: &{%!g(string=crypto/rsa: decryption error)}
2021/04/05 23:59:11 ERROR: &{%!g(string=crypto/rsa: decryption error)}
2021/04/05 23:59:13 ERROR: &{%!g(string=crypto/rsa: decryption error)}
2021/04/05 23:59:17 ERROR: &{%!g(string=crypto/rsa: decryption error)}
2021/04/06 00:00:00 ERROR: &{%!g(string=crypto/rsa: decryption error)}
2021/04/07 00:20:39 Servicio iniciado
2021/04/07 00:23:37 ERROR: &{%!g(string=crypto/rsa: decryption error)}
2021/04/07 00:24:59 Servicio iniciado
2021/04/07 00:25:02 ERROR: &{%!g(string=crypto/rsa: decryption error)}
2021/04/07 00:31:59 Servicio iniciado
2021/04/07 00:47:55 Servicio iniciado
2021/04/07 00:53:24 Servicio iniciado
2021/04/07 01:04:40 Servicio iniciado
2021/04/07 01:05:01 Servicio iniciado
2021/04/07 01:05:19 Servicio iniciado
2021/04/07 01:10:58 Servicio iniciado
2021/04/07 01:14:25 ERROR: &{%!g(string=crypto/rsa: decryption error)}
2021/04/07 01:15:29 Servicio iniciado
2021/04/07 01:15:31 ERROR: &{%!g(string=crypto/rsa: decryption error)}
2021/04/07 01:16:14 Servicio iniciado
2021/04/07 01:16:16 ERROR: &{%!g(string=crypto/rsa: decryption error)}
2021/04/07 01:18:19 Servicio iniciado
2021/04/07 01:18:21 ERROR: &{%!g(string=crypto/rsa: decryption error)}
2021/04/07 01:19:31 Servicio iniciado
2021/04/07 01:19:33 ERROR: &{%!g(string=crypto/rsa: decryption error)}
2021/04/07 01:23:24 Servicio iniciado
2021/04/07 01:24:52 Servicio iniciado
2021/04/07 01:24:55 ERROR: &{%!g(string=crypto/rsa: decryption error)}
2021/04/07 01:24:58 ERROR: &{%!g(string=crypto/rsa: decryption error)}
2021/04/07 01:24:59 ERROR: &{%!g(string=crypto/rsa: decryption error)}
2021/04/07 01:25:00 ERROR: &{%!g(string=crypto/rsa: decryption error)}
2021/04/07 01:26:17 Servicio iniciado
2021/04/07 01:26:20 ERROR: {%!g(string=tags don't match (6 vs {class:2 tag:0 length:3 isCompound:true}) {optional:false explicit:false application:false private:false defaultValue:<nil> tag:<nil> stringType:0 timeType:0 set:false omitEmpty:false} ObjectIdentifier @2)}
2021/04/07 01:26:20 NOT OK
2021/04/07 01:26:29 ERROR: {%!g(string=tags don't match (6 vs {class:2 tag:0 length:3 isCompound:true}) {optional:false explicit:false application:false private:false defaultValue:<nil> tag:<nil> stringType:0 timeType:0 set:false omitEmpty:false} ObjectIdentifier @2)}
2021/04/07 01:26:29 NOT OK
2021/04/07 01:26:38 Servicio iniciado
2021/04/07 01:26:40 ERROR: &{%!g(string=crypto/rsa: decryption error)}
2021/04/07 01:26:59 Servicio iniciado
2021/04/07 01:27:04 ERROR: {%!g(string=tags don't match (6 vs {class:2 tag:0 length:3 isCompound:true}) {optional:false explicit:false application:false private:false defaultValue:<nil> tag:<nil> stringType:0 timeType:0 set:false omitEmpty:false} ObjectIdentifier @2)}
2021/04/07 01:27:04 NOT OK
2021/04/07 01:27:41 Servicio iniciado
2021/04/07 01:27:43 ERROR: {%!g(string=tags don't match (6 vs {class:2 tag:0 length:3 isCompound:true}) {optional:false explicit:false application:false private:false defaultValue:<nil> tag:<nil> stringType:0 timeType:0 set:false omitEmpty:false} ObjectIdentifier @2)}
2021/04/07 01:27:43 NOT OK
2021/04/07 01:28:37 Servicio iniciado
2021/04/07 01:28:38 ERROR: {%!g(string=tags don't match (6 vs {class:2 tag:0 length:3 isCompound:true}) {optional:false explicit:false application:false private:false defaultValue:<nil> tag:<nil> stringType:0 timeType:0 set:false omitEmpty:false} ObjectIdentifier @2)}
2021/04/07 01:28:38 NOT OK
2021/04/07 01:29:07 Servicio iniciado
2021/04/07 01:29:09 ERROR: {%!g(string=tags don't match (6 vs {class:2 tag:0 length:3 isCompound:true}) {optional:false explicit:false application:false private:false defaultValue:<nil> tag:<nil> stringType:0 timeType:0 set:false omitEmpty:false} ObjectIdentifier @2)}
2021/04/07 01:29:09 NOT OK
2021/04/07 01:30:47 Servicio iniciado
2021/04/07 01:30:49 ERROR: {%!g(string=tags don't match (6 vs {class:2 tag:0 length:3 isCompound:true}) {optional:false explicit:false application:false private:false defaultValue:<nil> tag:<nil> stringType:0 timeType:0 set:false omitEmpty:false} ObjectIdentifier @2)}
2021/04/07 01:30:49 NOT OK
2021/04/07 01:33:22 Servicio iniciado
2021/04/07 01:33:24 ERROR: {%!g(string=tags don't match (6 vs {class:2 tag:0 length:3 isCompound:true}) {optional:false explicit:false application:false private:false defaultValue:<nil> tag:<nil> stringType:0 timeType:0 set:false omitEmpty:false} ObjectIdentifier @2)}
2021/04/07 01:33:24 NOT OK
2021/04/07 01:33:24 ERROR: {%!g(string=tags don't match (6 vs {class:2 tag:0 length:3 isCompound:true}) {optional:false explicit:false application:false private:false defaultValue:<nil> tag:<nil> stringType:0 timeType:0 set:false omitEmpty:false} ObjectIdentifier @2)}
2021/04/07 01:33:24 NOT OK
2021/04/07 01:33:46 Servicio iniciado
2021/04/07 01:33:48 ERROR: {%!g(string=tags don't match (6 vs {class:2 tag:0 length:3 isCompound:true}) {optional:false explicit:false application:false private:false defaultValue:<nil> tag:<nil> stringType:0 timeType:0 set:false omitEmpty:false} ObjectIdentifier @2)}
2021/04/07 01:33:48 NOT OK
2021/04/07 01:33:48 ERROR: {%!g(string=tags don't match (6 vs {class:2 tag:0 length:3 isCompound:true}) {optional:false explicit:false application:false private:false defaultValue:<nil> tag:<nil> stringType:0 timeType:0 set:false omitEmpty:false} ObjectIdentifier @2)}
2021/04/07 01:33:48 NOT OK
2021/04/07 01:34:42 Servicio iniciado
2021/04/07 01:34:44 ERROR: {%!g(string=tags don't match (2 vs {class:0 tag:16 length:1118 isCompound:true}) {optional:false explicit:false application:false private:false defaultValue:<nil> tag:<nil> stringType:0 timeType:0 set:false omitEmpty:false} int @4)}
2021/04/07 01:34:44 ERROR: {%!g(string=tags don't match (2 vs {class:0 tag:16 length:1118 isCompound:true}) {optional:false explicit:false application:false private:false defaultValue:<nil> tag:<nil> stringType:0 timeType:0 set:false omitEmpty:false} int @4)}
2021/04/07 01:35:06 Servicio iniciado
2021/04/07 01:35:08 ERROR: {%!g(string=tags don't match (2 vs {class:0 tag:16 length:1118 isCompound:true}) {optional:false explicit:false application:false private:false defaultValue:<nil> tag:<nil> stringType:0 timeType:0 set:false omitEmpty:false} int @4)}
2021/04/07 01:35:20 Servicio iniciado
2021/04/07 01:35:23 ERROR: {%!g(string=tags don't match (2 vs {class:0 tag:16 length:1118 isCompound:true}) {optional:false explicit:false application:false private:false defaultValue:<nil> tag:<nil> stringType:0 timeType:0 set:false omitEmpty:false} int @4)}
2021/04/07 01:38:41 Servicio iniciado
2021/04/07 01:38:43 ERROR: &{%!g(string=crypto/rsa: decryption error)}
2021/04/07 01:39:05 Servicio iniciado
2021/04/07 01:39:07 ERROR: &{%!g(string=crypto/rsa: decryption error)}
2021/04/07 01:39:16 Servicio iniciado
2021/04/07 01:39:17 ERROR: &{%!g(string=crypto/rsa: decryption error)}
2021/04/07 01:39:54 Servicio iniciado
2021/04/07 01:39:55 ERROR: &{%!g(string=crypto/rsa: decryption error)}
2021/04/07 01:41:04 Servicio iniciado
2021/04/07 01:41:06 ERROR: &{%!g(string=crypto/rsa: decryption error)}
2021/04/07 02:03:38 Servicio iniciado
2021/04/07 02:03:42 ERROR: &{%!g(string=crypto/rsa: decryption error)}
2021/04/07 02:08:15 Servicio iniciado
2021/04/07 02:08:20 ERROR: &{%!g(string=crypto/rsa: decryption error)}
2021/04/07 02:10:16 Servicio iniciado
2021/04/07 02:10:19 Servicio iniciado
2021/04/07 02:10:21 ERROR: &{%!g(string=crypto/rsa: decryption error)}
2021/04/07 02:12:28 Servicio iniciado
2021/04/07 02:12:32 ERROR: &{%!g(string=crypto/rsa: decryption error)}
2021/04/07 02:13:13 Servicio iniciado
2021/04/07 02:13:16 ERROR: &{%!g(string=crypto/rsa: decryption error)}
2021/04/07 02:14:29 Servicio iniciado
2021/04/07 02:14:31 ERROR: &{%!g(string=crypto/rsa: decryption error)}
2021/04/07 02:19:28 Servicio iniciado
2021/04/07 02:19:31 Servicio iniciado
2021/04/07 02:19:34 ERROR: &{%!g(string=crypto/rsa: decryption error)}
2021/04/11 13:48:13 Servicio iniciado
2021/04/29 13:53:56 Servicio iniciado
2021/05/23 14:13:46 Servicio iniciado
2021/05/23 14:19:37 ERROR: &{%!g(string=crypto/rsa: decryption error)}
2021/05/23 14:20:05 Servicio iniciado
2021/05/23 14:20:06 ERROR: &{%!g(string=crypto/rsa: decryption error)}
2021/05/23 14:22:12 Servicio iniciado
2021/05/23 14:22:15 ERROR: &{%!g(string=crypto/rsa: decryption error)}
2021/05/23 14:22:16 ERROR: &{%!g(string=crypto/rsa: decryption error)}
2021/05/23 14:22:47 Servicio iniciado
2021/05/23 14:22:48 ERROR: &{%!g(string=crypto/rsa: decryption error)}
2021/05/23 14:22:49 ERROR: &{%!g(string=crypto/rsa: decryption error)}
2021/05/23 14:23:25 ERROR: &{%!g(string=crypto/rsa: decryption error)}
2021/06/14 23:57:23 Servicio iniciado
2021/06/14 23:57:55 ERROR: &{%!g(string=crypto/rsa: decryption error)}
2021/06/14 23:58:16 ERROR: &{%!g(string=crypto/rsa: decryption error)}
2021/06/14 23:58:27 ERROR: &{%!g(string=crypto/rsa: decryption error)}
