2021/03/22 01:09:55 Servicio iniciado
2021/03/22 01:09:55 ERROR: &{%!g(string=number) %!g(*reflect.rtype=&{16 8 3774831796 7 8 8 24 0x403800 0x83fdfc 12316 157888}) %!g(int64=19) %!g(string=Configuration) %!g(string=Port)}
2021/03/22 01:10:28 Servicio iniciado
2021/03/22 01:10:28 ERROR: &{%!g(string=number) %!g(*reflect.rtype=&{16 8 3774831796 7 8 8 24 0x403800 0x83fdfc 12316 157888}) %!g(int64=19) %!g(string=Configuration) %!g(string=Port)}
2021/03/22 01:10:54 Servicio iniciado
2021/03/22 01:10:54 ERROR: &{%!g(string=number) %!g(*reflect.rtype=&{16 8 3774831796 7 8 8 24 0x403800 0x83fe04 12316 157888}) %!g(int64=19) %!g(string=Configuration) %!g(string=Port)}
2021/03/22 01:11:18 Servicio iniciado
2021/03/22 01:11:18 ERROR: &{%!g(string=number) %!g(*reflect.rtype=&{16 8 3774831796 7 8 8 24 0x403800 0x83fe00 12316 157888}) %!g(int64=19) %!g(string=Configuration) %!g(string=Port)}
2021/03/22 01:11:26 Servicio iniciado
2021/03/22 01:11:26 ERROR: &{%!g(string=number) %!g(*reflect.rtype=&{16 8 3774831796 7 8 8 24 0x403800 0x83fe00 12316 157888}) %!g(int64=19) %!g(string=Configuration) %!g(string=Port)}
2021/03/22 01:11:42 Servicio iniciado
2021/03/22 01:11:42 ERROR: &{%!g(string=number) %!g(*reflect.rtype=&{16 8 3774831796 7 8 8 24 0x403800 0x83fdec 12316 157888}) %!g(int64=19) %!g(string=Configuration) %!g(string=Port)}
2021/03/22 01:11:48 Servicio iniciado
2021/03/22 01:11:48 ERROR: &{%!g(string=number) %!g(*reflect.rtype=&{16 8 3774831796 7 8 8 24 0x403800 0x83fe1c 12316 157888}) %!g(int64=19) %!g(string=Configuration) %!g(string=Port)}
2021/03/22 01:12:02 Servicio iniciado
2021/03/22 01:12:02 ERROR: &{%!g(string=number) %!g(*reflect.rtype=&{16 8 3774831796 7 8 8 24 0x403800 0x83fe1c 12316 157888}) %!g(int64=19) %!g(string=Configuration) %!g(string=Port)}
2021/03/22 01:12:11 Servicio iniciado
2021/03/22 01:12:11 ERROR: &{%!g(string=number) %!g(*reflect.rtype=&{16 8 3774831796 7 8 8 24 0x403800 0x83fe60 12316 157888}) %!g(int64=19) %!g(string=Configuration) %!g(string=Port)}
2021/03/22 01:12:25 Servicio iniciado
2021/03/22 01:12:25 ERROR: &{%!g(string=number) %!g(*reflect.rtype=&{16 8 3774831796 7 8 8 24 0x403800 0x83fe88 12316 157888}) %!g(int64=19) %!g(string=Configuration) %!g(string=Port)}
2021/03/22 01:12:54 Servicio iniciado
2021/03/22 01:12:54 ERROR: %!g(<nil>)
2021/03/22 01:19:58 Servicio iniciado
2021/03/22 01:19:58 ERROR: %!g(<nil>)
2021/03/22 01:22:17 Servicio iniciado
2021/03/22 01:22:17 ERROR: %!g(<nil>)
2021/03/22 01:23:20 Servicio iniciado
2021/03/22 01:23:20 ERROR: %!g(<nil>)
2021/03/22 01:26:44 Servicio iniciado
2021/03/22 01:26:45 ERROR: %!g(<nil>)
2021/03/23 00:34:56 Servicio iniciado
2021/03/23 00:34:56 ERROR: %!g(<nil>)
2021/03/23 00:35:00 Intentando iniciar sesión...
2021/03/23 00:35:09 Intentando iniciar sesión...
2021/03/23 00:35:12 Intentando iniciar sesión...
2021/03/23 01:06:16 Intentando iniciar sesión...
2021/03/23 01:06:30 Intentando iniciar sesión...
2021/03/23 01:06:33 Intentando iniciar sesión...
2021/04/05 23:56:50 Servicio iniciado
2021/04/05 23:57:17 Servicio iniciado
2021/04/05 23:57:53 Servicio iniciado
2021/04/05 23:57:53 ERROR: %!g(<nil>)
2021/04/05 23:58:22 Intentando iniciar sesión...
2021/04/05 23:58:24 Intentando iniciar sesión...
2021/04/05 23:58:35 Intentando iniciar sesión...
2021/04/05 23:59:31 Intentando iniciar sesión...
2021/04/05 23:59:42 Intentando iniciar sesión...
2021/04/07 00:20:17 Servicio iniciado
2021/04/07 00:20:17 ERROR: %!g(<nil>)
2021/04/07 00:21:28 Intentando iniciar sesión...
2021/04/07 00:21:31 Intentando iniciar sesión...
2021/04/07 00:22:32 Intentando iniciar sesión...
2021/04/07 00:22:32 No hay contraseña
2021/04/07 00:23:24 Intentando iniciar sesión...
2021/04/07 00:23:31 Intentando iniciar sesión...
2021/04/07 00:33:18 Intentando iniciar sesión...
2021/04/07 00:33:48 Intentando iniciar sesión...
2021/04/07 00:47:28 Servicio iniciado
2021/04/07 00:47:28 ERROR: %!g(<nil>)
2021/04/07 00:53:34 Servicio iniciado
2021/04/07 00:53:34 ERROR: %!g(<nil>)
2021/04/07 01:02:57 Servicio iniciado
2021/04/07 01:02:57 ERROR: %!g(<nil>)
2021/04/07 01:05:37 Intentando iniciar sesión...
2021/04/07 01:06:32 Servicio iniciado
2021/04/07 01:06:32 ERROR: %!g(<nil>)
2021/04/07 01:07:16 Servicio iniciado
2021/04/07 01:07:16 ERROR: %!g(<nil>)
2021/04/07 01:07:34 Servicio iniciado
2021/04/07 01:07:34 ERROR: %!g(<nil>)
2021/04/07 01:11:22 Servicio iniciado
2021/04/07 01:11:22 ERROR: %!g(<nil>)
2021/04/07 01:13:36 Servicio iniciado
2021/04/07 01:13:37 ERROR: %!g(<nil>)
2021/04/07 01:13:44 Intentando iniciar sesión...
2021/04/07 01:13:59 Insertando usuario -x2jj5D7JXRmw3h9yX1kQlI=
2021/04/07 01:14:06 Intentando iniciar sesión...
2021/04/07 01:15:05 Servicio iniciado
2021/04/07 01:15:05 ERROR: %!g(<nil>)
2021/04/07 01:22:20 Servicio iniciado
2021/04/07 01:22:21 ERROR: %!g(<nil>)
2021/04/07 01:23:29 Servicio iniciado
2021/04/07 01:23:29 ERROR: %!g(<nil>)
2021/04/07 01:23:51 Servicio iniciado
2021/04/07 01:23:51 ERROR: %!g(<nil>)
2021/04/11 13:42:29 Servicio iniciado
2021/04/11 13:42:42 Servicio iniciado
2021/04/11 13:42:42 ERROR: %!g(<nil>)
2021/04/11 16:26:13 Servicio iniciado
2021/04/11 16:26:13 ERROR: %!g(<nil>)
2021/04/11 16:30:59 Servicio iniciado
2021/04/11 16:30:59 ERROR: %!g(<nil>)
2021/04/11 16:31:25 Servicio iniciado
2021/04/11 16:31:25 ERROR: %!g(<nil>)
2021/04/11 16:32:23 Servicio iniciado
2021/04/11 16:32:23 ERROR: %!g(<nil>)
2021/04/11 16:32:51 Servicio iniciado
2021/04/11 16:32:51 ERROR: %!g(<nil>)
2021/04/11 16:33:52 Servicio iniciado
2021/04/11 16:33:52 ERROR: %!g(<nil>)
2021/04/11 16:34:01 Servicio iniciado
2021/04/11 16:34:02 ERROR: %!g(<nil>)
2021/04/11 16:34:24 Servicio iniciado
2021/04/11 16:34:24 ERROR: %!g(<nil>)
2021/04/11 16:34:56 Servicio iniciado
2021/04/11 16:34:56 ERROR: %!g(<nil>)
2021/04/11 16:36:06 Servicio iniciado
2021/04/11 16:36:06 ERROR: %!g(<nil>)
2021/04/11 16:37:04 Servicio iniciado
2021/04/11 16:37:04 ERROR: %!g(<nil>)
2021/04/11 16:37:23 Servicio iniciado
2021/04/11 16:37:23 ERROR: %!g(<nil>)
2021/04/11 16:37:55 Servicio iniciado
2021/04/11 16:37:55 ERROR: %!g(<nil>)
2021/04/11 17:15:13 Servicio iniciado
2021/04/11 17:15:20 Crear certificado de la entidad OK
2021/04/11 17:15:20 ERROR: %!g(<nil>)
2021/04/11 17:15:41 Servicio iniciado
2021/04/11 17:15:41 ERROR: %!g(<nil>)
2021/04/11 17:16:24 Servicio iniciado
2021/04/11 17:16:24 ERROR: %!g(<nil>)
2021/04/11 19:21:11 Servicio iniciado
2021/04/11 19:21:11 ERROR: &{%!g(uint16=1049) %!g(string=Unknown database 'tfm-golang-entidad1')}
2021/04/11 19:21:19 Servicio iniciado
2021/04/11 19:21:35 ERROR: %!g(<nil>)
2021/04/11 19:22:06 Intentando iniciar sesión...
2021/04/11 19:22:06 No hay contraseña
2021/04/11 19:22:09 Intentando iniciar sesión...
2021/04/11 19:22:30 Intentando iniciar sesión...
2021/04/11 19:22:53 Servicio iniciado
2021/04/11 19:23:06 ERROR: %!g(<nil>)
2021/04/11 19:23:13 Intentando iniciar sesión...
2021/04/11 19:23:22 Intentando iniciar sesión...
2021/04/11 19:24:36 Insertando usuario xDyWEFoN01fCj54GXbMJxTzmOa857qu2oTnXOeve0ithg2pD_vDwZVx8SHM=
2021/04/11 19:24:37 ERROR: &{%!g(uint16=1062) %!g(string=Duplicate entry 'c1c224b03cd9bc7b6a86d77f5dace40191766c485cd55dc48caf9ac873335d6f' for key 'dni_hash')}
2021/04/11 19:24:37 ERROR: &{%!g(uint16=1062) %!g(string=Duplicate entry 'c1c224b03cd9bc7b6a86d77f5dace40191766c485cd55dc48caf9ac873335d6f' for key 'dni_hash')}
2021/04/11 19:24:42 Insertando usuario QcrrEL-hpQ-wTaDZ1x3s8Ke2553RJkwpH-GCPjnIvvUjtyuHhuZM96eUYqs=
2021/04/11 19:24:50 Intentando iniciar sesión...
2021/04/11 19:24:53 Intentando iniciar sesión...
2021/04/11 19:25:18 Servicio iniciado
2021/04/11 19:25:24 ERROR: %!g(<nil>)
2021/04/11 19:25:31 Intentando iniciar sesión...
2021/05/23 14:13:17 Servicio iniciado
2021/05/23 14:13:17 ERROR: %!g(<nil>)
2021/05/23 14:14:08 Intentando iniciar sesión...
2021/05/23 14:14:08 No hay contraseña
2021/05/23 14:14:45 Intentando iniciar sesión...
2021/05/23 14:14:45 No hay contraseña
2021/05/23 14:14:49 Intentando iniciar sesión...
2021/05/23 14:14:49 No hay contraseña
2021/05/23 14:14:56 Intentando iniciar sesión...
2021/05/23 14:14:56 No hay contraseña
2021/05/23 14:14:59 Intentando iniciar sesión...
2021/05/23 14:15:53 Insertando usuario hEJIXGuEz0DfYT9R0lcvgkGvPe5Isr3_Z4a9zZJptVs3YgdU_WORXpOUeiI=
2021/05/23 14:16:00 Intentando iniciar sesión...
2021/05/23 14:22:02 Servicio iniciado
2021/05/23 14:22:02 ERROR: %!g(<nil>)
2021/05/23 14:23:05 Insertando usuario D7b1OXJu6i2troEkHgy-TuVF95hFyIq3HVX5wXLyMx3-ZhjivHvgIlIjK1A=
2021/05/23 14:23:16 Intentando iniciar sesión...
2021/06/14 23:56:52 Servicio iniciado
2021/06/14 23:56:52 ERROR: %!g(<nil>)
2021/06/14 23:57:38 Intentando iniciar sesión...
2021/06/14 23:57:47 Intentando iniciar sesión...
2021/06/14 23:58:35 Intentando iniciar sesión...
2021/06/14 23:58:45 Intentando iniciar sesión...
